<?xml version="1.0" encoding="UTF-8"?>
<testng-results skipped="0" failed="0" total="2" passed="2">
  <reporter-output>
  </reporter-output>
  <suite name="Suite" duration-ms="69579" started-at="2020-06-15T08:51:31Z" finished-at="2020-06-15T08:52:41Z">
    <groups>
    </groups>
    <test name="Test" duration-ms="69579" started-at="2020-06-15T08:51:31Z" finished-at="2020-06-15T08:52:41Z">
      <class name="testCase.TestCaseChromeB">
        <test-method status="PASS" signature="TestMethod()[pri:0, instance:testCase.TestCaseChromeB@f6c48ac]" name="TestMethod" duration-ms="50571" started-at="2020-06-15T14:21:45Z" finished-at="2020-06-15T14:22:35Z">
          <reporter-output>
          </reporter-output>
        </test-method> <!-- TestMethod -->
      </class> <!-- testCase.TestCaseChromeB -->
      <class name="testCase.TestCaseChromeA">
        <test-method status="PASS" signature="LaunchBrowser()[pri:0, instance:testCase.TestCaseChromeA@6093dd95]" name="LaunchBrowser" is-config="true" duration-ms="9852" started-at="2020-06-15T14:21:31Z" finished-at="2020-06-15T14:21:41Z">
          <reporter-output>
          </reporter-output>
        </test-method> <!-- LaunchBrowser -->
        <test-method status="PASS" signature="LaunchBrowser()[pri:0, instance:testCase.TestCaseChromeB@f6c48ac]" name="LaunchBrowser" is-config="true" duration-ms="3290" started-at="2020-06-15T14:21:41Z" finished-at="2020-06-15T14:21:44Z">
          <reporter-output>
          </reporter-output>
        </test-method> <!-- LaunchBrowser -->
        <test-method status="PASS" signature="TestMethod()[pri:0, instance:testCase.TestCaseChromeA@6093dd95]" name="TestMethod" duration-ms="56044" started-at="2020-06-15T14:21:45Z" finished-at="2020-06-15T14:22:41Z">
          <reporter-output>
          </reporter-output>
        </test-method> <!-- TestMethod -->
      </class> <!-- testCase.TestCaseChromeA -->
    </test> <!-- Test -->
  </suite> <!-- Suite -->
</testng-results>
